<?xml version="1.0" encoding="UTF-8"?>
<coverage generated="1365013462">
  <project timestamp="1365013462">
    <package name="Simope">
      <file name="C:\Users\Tomek\Documents\GitHub\Simope/lib/Simope/Config.php">
        <class name="Config" namespace="Simope" fullPackage="Simope.Configuration" category="Persistence" package="Simope" subpackage="Configuration">
          <metrics methods="5" coveredmethods="5" conditionals="0" coveredconditionals="0" statements="8" coveredstatements="8" elements="13" coveredelements="13"/>
        </class>
        <line num="35" type="method" name="__construct" crap="1" count="17"/>
        <line num="37" type="stmt" count="17"/>
        <line num="38" type="stmt" count="17"/>
        <line num="39" type="stmt" count="17"/>
        <line num="45" type="method" name="get" crap="1" count="16"/>
        <line num="47" type="stmt" count="16"/>
        <line num="55" type="method" name="set" crap="1" count="3"/>
        <line num="57" type="stmt" count="3"/>
        <line num="58" type="stmt" count="3"/>
        <line num="63" type="method" name="__set" crap="1" count="1"/>
        <line num="65" type="stmt" count="1"/>
        <line num="70" type="method" name="__get" crap="1" count="14"/>
        <line num="72" type="stmt" count="14"/>
        <metrics loc="73" ncloc="27" classes="1" methods="5" coveredmethods="5" conditionals="0" coveredconditionals="0" statements="8" coveredstatements="8" elements="13" coveredelements="13"/>
      </file>
      <file name="C:\Users\Tomek\Documents\GitHub\Simope/lib/Simope/ContainerFactory.php">
        <class name="ContainerFactory" namespace="Simope" fullPackage="Simope.ContainerFactory" category="Persistence" package="Simope" subpackage="ContainerFactory">
          <metrics methods="1" coveredmethods="1" conditionals="0" coveredconditionals="0" statements="5" coveredstatements="5" elements="6" coveredelements="6"/>
        </class>
        <line num="29" type="method" name="create" crap="2" count="2"/>
        <line num="31" type="stmt" count="2"/>
        <line num="33" type="stmt" count="2"/>
        <line num="34" type="stmt" count="1"/>
        <line num="36" type="stmt" count="1"/>
        <line num="38" type="stmt" count="1"/>
        <metrics loc="40" ncloc="14" classes="1" methods="1" coveredmethods="1" conditionals="0" coveredconditionals="0" statements="5" coveredstatements="5" elements="6" coveredelements="6"/>
      </file>
      <file name="C:\Users\Tomek\Documents\GitHub\Simope/lib/Simope/EntityManager.php">
        <class name="EntityManager" namespace="Simope" fullPackage="Simope.EntityManager" category="Persistence" package="Simope" subpackage="EntityManager">
          <metrics methods="6" coveredmethods="6" conditionals="0" coveredconditionals="0" statements="82" coveredstatements="82" elements="88" coveredelements="88"/>
        </class>
        <line num="29" type="method" name="__construct" crap="1" count="13"/>
        <line num="31" type="stmt" count="13"/>
        <line num="32" type="stmt" count="13"/>
        <line num="39" type="method" name="persist" crap="6" count="9"/>
        <line num="41" type="stmt" count="9"/>
        <line num="42" type="stmt" count="1"/>
        <line num="44" type="stmt" count="1"/>
        <line num="46" type="stmt" count="8"/>
        <line num="47" type="stmt" count="8"/>
        <line num="48" type="stmt" count="1"/>
        <line num="49" type="stmt" count="1"/>
        <line num="51" type="stmt" count="8"/>
        <line num="52" type="stmt" count="8"/>
        <line num="53" type="stmt" count="8"/>
        <line num="54" type="stmt" count="1"/>
        <line num="56" type="stmt" count="1"/>
        <line num="58" type="stmt" count="7"/>
        <line num="59" type="stmt" count="7"/>
        <line num="60" type="stmt" count="7"/>
        <line num="61" type="stmt" count="7"/>
        <line num="62" type="stmt" count="7"/>
        <line num="63" type="stmt" count="7"/>
        <line num="64" type="stmt" count="1"/>
        <line num="65" type="stmt" count="1"/>
        <line num="66" type="stmt" count="7"/>
        <line num="67" type="stmt" count="7"/>
        <line num="68" type="stmt" count="7"/>
        <line num="69" type="stmt" count="7"/>
        <line num="70" type="stmt" count="7"/>
        <line num="71" type="stmt" count="7"/>
        <line num="72" type="stmt" count="7"/>
        <line num="73" type="stmt" count="7"/>
        <line num="74" type="stmt" count="7"/>
        <line num="75" type="stmt" count="7"/>
        <line num="76" type="stmt" count="7"/>
        <line num="77" type="stmt" count="7"/>
        <line num="78" type="stmt" count="7"/>
        <line num="84" type="method" name="remove" crap="1" count="3"/>
        <line num="86" type="stmt" count="1"/>
        <line num="87" type="stmt" count="1"/>
        <line num="88" type="stmt" count="1"/>
        <line num="89" type="stmt" count="1"/>
        <line num="90" type="stmt" count="1"/>
        <line num="91" type="stmt" count="1"/>
        <line num="92" type="stmt" count="1"/>
        <line num="93" type="stmt" count="1"/>
        <line num="94" type="stmt" count="3"/>
        <line num="101" type="method" name="find" crap="2" count="3"/>
        <line num="103" type="stmt" count="3"/>
        <line num="104" type="stmt" count="3"/>
        <line num="105" type="stmt" count="3"/>
        <line num="106" type="stmt" count="3"/>
        <line num="108" type="stmt" count="3"/>
        <line num="109" type="stmt" count="3"/>
        <line num="110" type="stmt" count="3"/>
        <line num="111" type="stmt" count="3"/>
        <line num="113" type="stmt" count="2"/>
        <line num="121" type="method" name="findBy" crap="3" count="3"/>
        <line num="123" type="stmt" count="3"/>
        <line num="124" type="stmt" count="3"/>
        <line num="125" type="stmt" count="3"/>
        <line num="126" type="stmt" count="3"/>
        <line num="127" type="stmt" count="3"/>
        <line num="128" type="stmt" count="3"/>
        <line num="129" type="stmt" count="3"/>
        <line num="130" type="stmt" count="3"/>
        <line num="131" type="stmt" count="3"/>
        <line num="133" type="stmt" count="3"/>
        <line num="134" type="stmt" count="3"/>
        <line num="135" type="stmt" count="3"/>
        <line num="136" type="stmt" count="3"/>
        <line num="137" type="stmt" count="3"/>
        <line num="138" type="stmt" count="3"/>
        <line num="139" type="stmt" count="3"/>
        <line num="147" type="method" name="spy" crap="2" count="1"/>
        <line num="149" type="stmt" count="1"/>
        <line num="150" type="stmt" count="1"/>
        <line num="151" type="stmt" count="1"/>
        <line num="152" type="stmt" count="1"/>
        <line num="154" type="stmt" count="1"/>
        <line num="155" type="stmt" count="1"/>
        <line num="156" type="stmt" count="1"/>
        <line num="157" type="stmt" count="1"/>
        <line num="158" type="stmt" count="1"/>
        <line num="159" type="stmt" count="1"/>
        <line num="160" type="stmt" count="1"/>
        <line num="161" type="stmt" count="1"/>
        <line num="163" type="stmt" count="1"/>
        <metrics loc="166" ncloc="112" classes="1" methods="6" coveredmethods="6" conditionals="0" coveredconditionals="0" statements="82" coveredstatements="82" elements="88" coveredelements="88"/>
      </file>
      <file name="C:\Users\Tomek\Documents\GitHub\Simope/lib/Simope/Index.php">
        <class name="Index" namespace="Simope" fullPackage="Simope.Index" category="Persistence" package="Simope" subpackage="Index">
          <metrics methods="3" coveredmethods="3" conditionals="0" coveredconditionals="0" statements="51" coveredstatements="49" elements="54" coveredelements="52"/>
        </class>
        <line num="29" type="method" name="__construct" crap="2.15" count="9"/>
        <line num="31" type="stmt" count="9"/>
        <line num="32" type="stmt" count="9"/>
        <line num="33" type="stmt" count="9"/>
        <line num="34" type="stmt" count="0"/>
        <line num="35" type="stmt" count="0"/>
        <line num="36" type="stmt" count="9"/>
        <line num="42" type="method" name="set" crap="7" count="9"/>
        <line num="44" type="stmt" count="9"/>
        <line num="45" type="stmt" count="9"/>
        <line num="46" type="stmt" count="9"/>
        <line num="48" type="stmt" count="9"/>
        <line num="49" type="stmt" count="9"/>
        <line num="50" type="stmt" count="9"/>
        <line num="51" type="stmt" count="9"/>
        <line num="52" type="stmt" count="9"/>
        <line num="53" type="stmt" count="9"/>
        <line num="54" type="stmt" count="9"/>
        <line num="55" type="stmt" count="9"/>
        <line num="56" type="stmt" count="9"/>
        <line num="57" type="stmt" count="9"/>
        <line num="58" type="stmt" count="9"/>
        <line num="59" type="stmt" count="9"/>
        <line num="60" type="stmt" count="9"/>
        <line num="61" type="stmt" count="9"/>
        <line num="62" type="stmt" count="9"/>
        <line num="63" type="stmt" count="1"/>
        <line num="64" type="stmt" count="1"/>
        <line num="65" type="stmt" count="9"/>
        <line num="66" type="stmt" count="9"/>
        <line num="67" type="stmt" count="9"/>
        <line num="68" type="stmt" count="9"/>
        <line num="70" type="stmt" count="9"/>
        <line num="71" type="stmt" count="9"/>
        <line num="72" type="stmt" count="9"/>
        <line num="73" type="stmt" count="9"/>
        <line num="74" type="stmt" count="9"/>
        <line num="75" type="stmt" count="9"/>
        <line num="76" type="stmt" count="2"/>
        <line num="77" type="stmt" count="2"/>
        <line num="78" type="stmt" count="2"/>
        <line num="79" type="stmt" count="2"/>
        <line num="81" type="stmt" count="9"/>
        <line num="82" type="stmt" count="9"/>
        <line num="90" type="method" name="get" crap="2" count="4"/>
        <line num="92" type="stmt" count="4"/>
        <line num="93" type="stmt" count="4"/>
        <line num="94" type="stmt" count="4"/>
        <line num="95" type="stmt" count="4"/>
        <line num="97" type="stmt" count="4"/>
        <line num="98" type="stmt" count="4"/>
        <line num="99" type="stmt" count="4"/>
        <line num="100" type="stmt" count="4"/>
        <line num="102" type="stmt" count="1"/>
        <metrics loc="104" ncloc="68" classes="1" methods="3" coveredmethods="2" conditionals="0" coveredconditionals="0" statements="51" coveredstatements="49" elements="54" coveredelements="51"/>
      </file>
      <file name="C:\Users\Tomek\Documents\GitHub\Simope/lib/Simope/Repository.php">
        <class name="Repository" namespace="Simope" fullPackage="Simope.Repository" category="Persistence" package="Simope" subpackage="Repository">
          <metrics methods="4" coveredmethods="4" conditionals="0" coveredconditionals="0" statements="21" coveredstatements="21" elements="25" coveredelements="25"/>
        </class>
        <line num="33" type="method" name="__construct" crap="1" count="3"/>
        <line num="39" type="stmt" count="3"/>
        <line num="40" type="stmt" count="3"/>
        <line num="41" type="stmt" count="3"/>
        <line num="42" type="stmt" count="3"/>
        <line num="47" type="method" name="purge" crap="2" count="1"/>
        <line num="49" type="stmt" count="1"/>
        <line num="50" type="stmt" count="1"/>
        <line num="51" type="stmt" count="1"/>
        <line num="52" type="stmt" count="1"/>
        <line num="53" type="stmt" count="1"/>
        <line num="54" type="stmt" count="1"/>
        <line num="55" type="stmt" count="1"/>
        <line num="57" type="stmt" count="1"/>
        <line num="58" type="stmt" count="1"/>
        <line num="59" type="stmt" count="1"/>
        <line num="60" type="stmt" count="1"/>
        <line num="61" type="stmt" count="1"/>
        <line num="67" type="method" name="find" crap="1" count="1"/>
        <line num="69" type="stmt" count="1"/>
        <line num="78" type="method" name="findBy" crap="1" count="1"/>
        <line num="80" type="stmt" count="1"/>
        <line num="81" type="stmt" count="1"/>
        <line num="82" type="stmt" count="1"/>
        <line num="84" type="stmt" count="1"/>
        <line num="105" type="stmt" count="1"/>
        <line num="123" type="stmt" count="1"/>
        <line num="130" type="stmt" count="1"/>
        <metrics loc="85" ncloc="42" classes="1" methods="4" coveredmethods="4" conditionals="0" coveredconditionals="0" statements="21" coveredstatements="21" elements="25" coveredelements="25"/>
      </file>
    </package>
    <package name="Simope\Util\Filesystem">
      <file name="C:\Users\Tomek\Documents\GitHub\Simope/lib/Simope/Util/Filesystem/Directory.php">
        <class name="Directory" namespace="Simope\Util\Filesystem" fullPackage="Simope.Filesystem" category="Persistence" package="Simope" subpackage="Filesystem">
          <metrics methods="2" coveredmethods="2" conditionals="0" coveredconditionals="0" statements="12" coveredstatements="12" elements="14" coveredelements="14"/>
        </class>
        <line num="30" type="method" name="__construct" crap="1" count="3"/>
        <line num="32" type="stmt" count="3"/>
        <line num="33" type="stmt" count="3"/>
        <line num="38" type="method" name="purge" crap="3" count="3"/>
        <line num="40" type="stmt" count="3"/>
        <line num="41" type="stmt" count="3"/>
        <line num="42" type="stmt" count="3"/>
        <line num="44" type="stmt" count="3"/>
        <line num="46" type="stmt" count="3"/>
        <line num="47" type="stmt" count="3"/>
        <line num="48" type="stmt" count="3"/>
        <line num="49" type="stmt" count="3"/>
        <line num="50" type="stmt" count="3"/>
        <line num="51" type="stmt" count="3"/>
        <metrics loc="52" ncloc="23" classes="1" methods="2" coveredmethods="2" conditionals="0" coveredconditionals="0" statements="12" coveredstatements="12" elements="14" coveredelements="14"/>
      </file>
    </package>
    <package name="Simope\Util\Generator">
      <file name="C:\Users\Tomek\Documents\GitHub\Simope/lib/Simope/Util/Generator/Uuid.php">
        <class name="Uuid" namespace="Simope\Util\Generator" fullPackage="Simope.Generator" category="Persistence" package="Simope" subpackage="Generator">
          <metrics methods="1" coveredmethods="1" conditionals="0" coveredconditionals="0" statements="11" coveredstatements="11" elements="12" coveredelements="12"/>
        </class>
        <line num="28" type="method" name="generate" crap="1" count="11"/>
        <line num="30" type="stmt" count="11"/>
        <line num="31" type="stmt" count="11"/>
        <line num="32" type="stmt" count="11"/>
        <line num="33" type="stmt" count="11"/>
        <line num="34" type="stmt" count="11"/>
        <line num="35" type="stmt" count="11"/>
        <line num="36" type="stmt" count="11"/>
        <line num="37" type="stmt" count="11"/>
        <line num="38" type="stmt" count="11"/>
        <line num="39" type="stmt" count="11"/>
        <line num="40" type="stmt" count="11"/>
        <metrics loc="42" ncloc="19" classes="1" methods="1" coveredmethods="1" conditionals="0" coveredconditionals="0" statements="11" coveredstatements="11" elements="12" coveredelements="12"/>
      </file>
    </package>
    <file name="C:\Users\Tomek\Documents\GitHub\Simope/lib/autoload.php">
      <line num="5" type="stmt" count="0"/>
      <line num="6" type="stmt" count="0"/>
      <line num="7" type="stmt" count="0"/>
      <line num="8" type="stmt" count="0"/>
      <line num="9" type="stmt" count="0"/>
      <line num="10" type="stmt" count="0"/>
      <line num="11" type="stmt" count="0"/>
      <line num="12" type="stmt" count="0"/>
      <line num="13" type="stmt" count="0"/>
      <line num="15" type="stmt" count="0"/>
      <line num="16" type="stmt" count="0"/>
      <metrics loc="15" ncloc="15" classes="0" methods="0" coveredmethods="0" conditionals="0" coveredconditionals="0" statements="10" coveredstatements="0" elements="10" coveredelements="0"/>
    </file>
    <file name="C:\Users\Tomek\Documents\GitHub\Simope/vendor/Pimple.php">
      <class name="Pimple" namespace="global" fullPackage="pimple" package="pimple">
        <metrics methods="11" coveredmethods="3" conditionals="0" coveredconditionals="0" statements="32" coveredstatements="7" elements="43" coveredelements="10"/>
      </class>
      <line num="44" type="method" name="__construct" crap="1" count="14"/>
      <line num="46" type="stmt" count="14"/>
      <line num="47" type="stmt" count="14"/>
      <line num="61" type="method" name="offsetSet" crap="1" count="13"/>
      <line num="63" type="stmt" count="13"/>
      <line num="64" type="stmt" count="13"/>
      <line num="75" type="method" name="offsetGet" crap="4.25" count="13"/>
      <line num="77" type="stmt" count="13"/>
      <line num="78" type="stmt" count="0"/>
      <line num="81" type="stmt" count="13"/>
      <line num="83" type="stmt" count="13"/>
      <line num="93" type="method" name="offsetExists" crap="2" count="0"/>
      <line num="95" type="stmt" count="0"/>
      <line num="103" type="method" name="offsetUnset" crap="2" count="0"/>
      <line num="105" type="stmt" count="0"/>
      <line num="106" type="stmt" count="0"/>
      <line num="116" type="method" name="share" crap="6" count="0"/>
      <line num="119" type="stmt" count="0"/>
      <line num="121" type="stmt" count="0"/>
      <line num="122" type="stmt" count="0"/>
      <line num="123" type="stmt" count="0"/>
      <line num="125" type="stmt" count="0"/>
      <line num="126" type="stmt" count="0"/>
      <line num="138" type="method" name="protect" crap="2" count="0"/>
      <line num="141" type="stmt" count="0"/>
      <line num="142" type="stmt" count="0"/>
      <line num="154" type="method" name="raw" crap="6" count="0"/>
      <line num="156" type="stmt" count="0"/>
      <line num="157" type="stmt" count="0"/>
      <line num="160" type="stmt" count="0"/>
      <line num="176" type="method" name="extend" crap="12" count="0"/>
      <line num="178" type="stmt" count="0"/>
      <line num="179" type="stmt" count="0"/>
      <line num="182" type="stmt" count="0"/>
      <line num="184" type="stmt" count="0"/>
      <line num="185" type="stmt" count="0"/>
      <line num="189" type="stmt" count="0"/>
      <line num="190" type="stmt" count="0"/>
      <line num="198" type="method" name="keys" crap="2" count="0"/>
      <line num="200" type="stmt" count="0"/>
      <metrics loc="202" ncloc="89" classes="1" methods="11" coveredmethods="2" conditionals="0" coveredconditionals="0" statements="30" coveredstatements="7" elements="41" coveredelements="9"/>
    </file>
    <metrics files="9" loc="779" ncloc="409" classes="8" methods="33" coveredmethods="23" conditionals="0" coveredconditionals="0" statements="230" coveredstatements="195" elements="263" coveredelements="218"/>
  </project>
</coverage>
